The system is: CYGWIN - 1.7.32(0.274/5/3) - i686
Compiling the C compiler identification source file "CMakeCCompilerId.c" succeeded.
Compiler: /usr/bin/gcc.exe 
Build flags: 
Id flags: 

The output was:
0


Compilation of the C compiler identification source "CMakeCCompilerId.c" produced "a.exe"

The C compiler identification is GNU, found in "/home/xusong/project/c25pZmZlcl9saWI-/snifferlib/rtsp-parser/CMakeFiles/CompilerIdC/a.exe"

Compiling the CXX compiler identification source file "CMakeCXXCompilerId.cpp" succeeded.
Compiler: /usr/bin/c++.exe 
Build flags: 
Id flags: 

The output was:
0


Compilation of the CXX compiler identification source "CMakeCXXCompilerId.cpp" produced "a.exe"

The CXX compiler identification is GNU, found in "/home/xusong/project/c25pZmZlcl9saWI-/snifferlib/rtsp-parser/CMakeFiles/CompilerIdCXX/a.exe"

Determining if the C compiler works passed with the following output:
Change Dir: /home/xusong/project/c25pZmZlcl9saWI-/snifferlib/rtsp-parser/CMakeFiles/CMakeTmp

Run Build Command:/usr/bin/make.exe "cmTryCompileExec2945973883/fast"
/usr/bin/make -f CMakeFiles/cmTryCompileExec2945973883.dir/build.make CMakeFiles/cmTryCompileExec2945973883.dir/build
make[1]: Entering directory '/cygdrive/d/project/c25pZmZlcl9saWI-/snifferlib/rtsp-parser/CMakeFiles/CMakeTmp'
/usr/bin/cmake.exe -E cmake_progress_report /home/xusong/project/c25pZmZlcl9saWI-/snifferlib/rtsp-parser/CMakeFiles/CMakeTmp/CMakeFiles 1
Building C object CMakeFiles/cmTryCompileExec2945973883.dir/testCCompiler.c.o
/usr/bin/gcc.exe    -o CMakeFiles/cmTryCompileExec2945973883.dir/testCCompiler.c.o   -c /home/xusong/project/c25pZmZlcl9saWI-/snifferlib/rtsp-parser/CMakeFiles/CMakeTmp/testCCompiler.c
Linking C executable cmTryCompileExec2945973883.exe
/usr/bin/cmake.exe -E cmake_link_script CMakeFiles/cmTryCompileExec2945973883.dir/link.txt --verbose=1
/usr/bin/gcc.exe       -Wl,--enable-auto-import  CMakeFiles/cmTryCompileExec2945973883.dir/testCCompiler.c.o  -o cmTryCompileExec2945973883.exe -Wl,--out-implib,libcmTryCompileExec2945973883.dll.a -Wl,--major-image-version,0,--minor-image-version,0  
make[1]: Leaving directory '/cygdrive/d/project/c25pZmZlcl9saWI-/snifferlib/rtsp-parser/CMakeFiles/CMakeTmp'


Detecting C compiler ABI info compiled with the following output:
Change Dir: /home/xusong/project/c25pZmZlcl9saWI-/snifferlib/rtsp-parser/CMakeFiles/CMakeTmp

Run Build Command:/usr/bin/make.exe "cmTryCompileExec284264170/fast"
/usr/bin/make -f CMakeFiles/cmTryCompileExec284264170.dir/build.make CMakeFiles/cmTryCompileExec284264170.dir/build
make[1]: Entering directory '/cygdrive/d/project/c25pZmZlcl9saWI-/snifferlib/rtsp-parser/CMakeFiles/CMakeTmp'
/usr/bin/cmake.exe -E cmake_progress_report /home/xusong/project/c25pZmZlcl9saWI-/snifferlib/rtsp-parser/CMakeFiles/CMakeTmp/CMakeFiles 1
Building C object CMakeFiles/cmTryCompileExec284264170.dir/CMakeCCompilerABI.c.o
/usr/bin/gcc.exe    -o CMakeFiles/cmTryCompileExec284264170.dir/CMakeCCompilerABI.c.o   -c /usr/share/cmake-2.8.9/Modules/CMakeCCompilerABI.c
Linking C executable cmTryCompileExec284264170.exe
/usr/bin/cmake.exe -E cmake_link_script CMakeFiles/cmTryCompileExec284264170.dir/link.txt --verbose=1
/usr/bin/gcc.exe       -v CMakeFiles/cmTryCompileExec284264170.dir/CMakeCCompilerABI.c.o  -o cmTryCompileExec284264170.exe -Wl,--out-implib,libcmTryCompileExec284264170.dll.a -Wl,--major-image-version,0,--minor-image-version,0   
使用内建 specs。
COLLECT_GCC=/usr/bin/gcc
COLLECT_LTO_WRAPPER=/usr/lib/gcc/i686-pc-cygwin/4.8.3/lto-wrapper.exe
目标：i686-pc-cygwin
配置为：/cygdrive/i/szsz/tmpp/gcc/gcc-4.8.3-3.i686/src/gcc-4.8.3/configure --srcdir=/cygdrive/i/szsz/tmpp/gcc/gcc-4.8.3-3.i686/src/gcc-4.8.3 --prefix=/usr --exec-prefix=/usr --bindir=/usr/bin --sbindir=/usr/sbin --libexecdir=/usr/libexec --datadir=/usr/share --localstatedir=/var --sysconfdir=/etc --libdir=/usr/lib --datarootdir=/usr/share --docdir=/usr/share/doc/gcc --htmldir=/usr/share/doc/gcc/html -C --build=i686-pc-cygwin --host=i686-pc-cygwin --target=i686-pc-cygwin --without-libiconv-prefix --without-libintl-prefix --libexecdir=/usr/lib --enable-shared --enable-shared-libgcc --enable-static --enable-version-specific-runtime-libs --enable-bootstrap --enable-__cxa_atexit --with-dwarf2 --with-arch=i686 --with-tune=generic --disable-sjlj-exceptions --enable-languages=ada,c,c++,fortran,java,lto,objc,obj-c++ --enable-graphite --enable-threads=posix --enable-libatomic --enable-libgomp --disable-libitm --enable-libquadmath --enable-libquadmath-support --enable-libssp --enable-libada --enable-libjava --enable-libgcj-sublibs --disable-java-awt --disable-symvers --with-ecj-jar=/usr/share/java/ecj.jar --with-gnu-ld --with-gnu-as --with-cloog-include=/usr/include/cloog-isl --without-libiconv-prefix --without-libintl-prefix --with-system-zlib --enable-linker-build-id
线程模型：posix
gcc 版本 4.8.3 (GCC) 
COMPILER_PATH=/usr/lib/gcc/i686-pc-cygwin/4.8.3/:/usr/lib/gcc/i686-pc-cygwin/4.8.3/:/usr/lib/gcc/i686-pc-cygwin/:/usr/lib/gcc/i686-pc-cygwin/4.8.3/:/usr/lib/gcc/i686-pc-cygwin/:/usr/lib/gcc/i686-pc-cygwin/4.8.3/../../../../i686-pc-cygwin/bin/
LIBRARY_PATH=/usr/lib/gcc/i686-pc-cygwin/4.8.3/:/usr/lib/gcc/i686-pc-cygwin/4.8.3/../../../../i686-pc-cygwin/lib/:/usr/lib/gcc/i686-pc-cygwin/4.8.3/../../../:/lib/:/usr/lib/
COLLECT_GCC_OPTIONS='-v' '-o' 'cmTryCompileExec284264170.exe' '-mtune=generic' '-march=i686'
 /usr/lib/gcc/i686-pc-cygwin/4.8.3/collect2.exe --build-id --wrap _Znwj --wrap _Znaj --wrap _ZdlPv --wrap _ZdaPv --wrap _ZnwjRKSt9nothrow_t --wrap _ZnajRKSt9nothrow_t --wrap _ZdlPvRKSt9nothrow_t --wrap _ZdaPvRKSt9nothrow_t -Bdynamic --dll-search-prefix=cyg --large-address-aware --tsaware -o cmTryCompileExec284264170.exe /usr/lib/gcc/i686-pc-cygwin/4.8.3/../../../crt0.o /usr/lib/gcc/i686-pc-cygwin/4.8.3/crtbegin.o -L/usr/lib/gcc/i686-pc-cygwin/4.8.3 -L/usr/lib/gcc/i686-pc-cygwin/4.8.3/../../../../i686-pc-cygwin/lib -L/usr/lib/gcc/i686-pc-cygwin/4.8.3/../../.. CMakeFiles/cmTryCompileExec284264170.dir/CMakeCCompilerABI.c.o --out-implib libcmTryCompileExec284264170.dll.a --major-image-version 0 --minor-image-version 0 -lgcc_s -lgcc -lcygwin -ladvapi32 -lshell32 -luser32 -lkernel32 -lgcc_s -lgcc /usr/lib/gcc/i686-pc-cygwin/4.8.3/../../../default-manifest.o /usr/lib/gcc/i686-pc-cygwin/4.8.3/crtend.o
make[1]: Leaving directory '/cygdrive/d/project/c25pZmZlcl9saWI-/snifferlib/rtsp-parser/CMakeFiles/CMakeTmp'


Parsed C implicit link information from above output:
  link line regex: [^( *|.*[/\])(ld.exe|ld|collect2)[^/\]*( |$)]
  ignore line: [Change Dir: /home/xusong/project/c25pZmZlcl9saWI-/snifferlib/rtsp-parser/CMakeFiles/CMakeTmp]
  ignore line: []
  ignore line: [Run Build Command:/usr/bin/make.exe "cmTryCompileExec284264170/fast"]
  ignore line: [/usr/bin/make -f CMakeFiles/cmTryCompileExec284264170.dir/build.make CMakeFiles/cmTryCompileExec284264170.dir/build]
  ignore line: [make[1]: Entering directory '/cygdrive/d/project/c25pZmZlcl9saWI-/snifferlib/rtsp-parser/CMakeFiles/CMakeTmp']
  ignore line: [/usr/bin/cmake.exe -E cmake_progress_report /home/xusong/project/c25pZmZlcl9saWI-/snifferlib/rtsp-parser/CMakeFiles/CMakeTmp/CMakeFiles 1]
  ignore line: [Building C object CMakeFiles/cmTryCompileExec284264170.dir/CMakeCCompilerABI.c.o]
  ignore line: [/usr/bin/gcc.exe    -o CMakeFiles/cmTryCompileExec284264170.dir/CMakeCCompilerABI.c.o   -c /usr/share/cmake-2.8.9/Modules/CMakeCCompilerABI.c]
  ignore line: [Linking C executable cmTryCompileExec284264170.exe]
  ignore line: [/usr/bin/cmake.exe -E cmake_link_script CMakeFiles/cmTryCompileExec284264170.dir/link.txt --verbose=1]
  ignore line: [/usr/bin/gcc.exe       -v CMakeFiles/cmTryCompileExec284264170.dir/CMakeCCompilerABI.c.o  -o cmTryCompileExec284264170.exe -Wl,--out-implib,libcmTryCompileExec284264170.dll.a -Wl,--major-image-version,0,--minor-image-version,0   ]
  ignore line: [使用内建 specs。]
  ignore line: [COLLECT_GCC=/usr/bin/gcc]
  ignore line: [COLLECT_LTO_WRAPPER=/usr/lib/gcc/i686-pc-cygwin/4.8.3/lto-wrapper.exe]
  ignore line: [目标：i686-pc-cygwin]
  ignore line: [配置为：/cygdrive/i/szsz/tmpp/gcc/gcc-4.8.3-3.i686/src/gcc-4.8.3/configure --srcdir=/cygdrive/i/szsz/tmpp/gcc/gcc-4.8.3-3.i686/src/gcc-4.8.3 --prefix=/usr --exec-prefix=/usr --bindir=/usr/bin --sbindir=/usr/sbin --libexecdir=/usr/libexec --datadir=/usr/share --localstatedir=/var --sysconfdir=/etc --libdir=/usr/lib --datarootdir=/usr/share --docdir=/usr/share/doc/gcc --htmldir=/usr/share/doc/gcc/html -C --build=i686-pc-cygwin --host=i686-pc-cygwin --target=i686-pc-cygwin --without-libiconv-prefix --without-libintl-prefix --libexecdir=/usr/lib --enable-shared --enable-shared-libgcc --enable-static --enable-version-specific-runtime-libs --enable-bootstrap --enable-__cxa_atexit --with-dwarf2 --with-arch=i686 --with-tune=generic --disable-sjlj-exceptions --enable-languages=ada,c,c++,fortran,java,lto,objc,obj-c++ --enable-graphite --enable-threads=posix --enable-libatomic --enable-libgomp --disable-libitm --enable-libquadmath --enable-libquadmath-support --enable-libssp --enable-libada --enable-libjava --enable-libgcj-sublibs --disable-java-awt --disable-symvers --with-ecj-jar=/usr/share/java/ecj.jar --with-gnu-ld --with-gnu-as --with-cloog-include=/usr/include/cloog-isl --without-libiconv-prefix --without-libintl-prefix --with-system-zlib --enable-linker-build-id]
  ignore line: [线程模型：posix]
  ignore line: [gcc 版本 4.8.3 (GCC) ]
  ignore line: [COMPILER_PATH=/usr/lib/gcc/i686-pc-cygwin/4.8.3/:/usr/lib/gcc/i686-pc-cygwin/4.8.3/:/usr/lib/gcc/i686-pc-cygwin/:/usr/lib/gcc/i686-pc-cygwin/4.8.3/:/usr/lib/gcc/i686-pc-cygwin/:/usr/lib/gcc/i686-pc-cygwin/4.8.3/../../../../i686-pc-cygwin/bin/]
  ignore line: [LIBRARY_PATH=/usr/lib/gcc/i686-pc-cygwin/4.8.3/:/usr/lib/gcc/i686-pc-cygwin/4.8.3/../../../../i686-pc-cygwin/lib/:/usr/lib/gcc/i686-pc-cygwin/4.8.3/../../../:/lib/:/usr/lib/]
  ignore line: [COLLECT_GCC_OPTIONS='-v' '-o' 'cmTryCompileExec284264170.exe' '-mtune=generic' '-march=i686']
  link line: [ /usr/lib/gcc/i686-pc-cygwin/4.8.3/collect2.exe --build-id --wrap _Znwj --wrap _Znaj --wrap _ZdlPv --wrap _ZdaPv --wrap _ZnwjRKSt9nothrow_t --wrap _ZnajRKSt9nothrow_t --wrap _ZdlPvRKSt9nothrow_t --wrap _ZdaPvRKSt9nothrow_t -Bdynamic --dll-search-prefix=cyg --large-address-aware --tsaware -o cmTryCompileExec284264170.exe /usr/lib/gcc/i686-pc-cygwin/4.8.3/../../../crt0.o /usr/lib/gcc/i686-pc-cygwin/4.8.3/crtbegin.o -L/usr/lib/gcc/i686-pc-cygwin/4.8.3 -L/usr/lib/gcc/i686-pc-cygwin/4.8.3/../../../../i686-pc-cygwin/lib -L/usr/lib/gcc/i686-pc-cygwin/4.8.3/../../.. CMakeFiles/cmTryCompileExec284264170.dir/CMakeCCompilerABI.c.o --out-implib libcmTryCompileExec284264170.dll.a --major-image-version 0 --minor-image-version 0 -lgcc_s -lgcc -lcygwin -ladvapi32 -lshell32 -luser32 -lkernel32 -lgcc_s -lgcc /usr/lib/gcc/i686-pc-cygwin/4.8.3/../../../default-manifest.o /usr/lib/gcc/i686-pc-cygwin/4.8.3/crtend.o]
    arg [/usr/lib/gcc/i686-pc-cygwin/4.8.3/collect2.exe] ==> ignore
    arg [--build-id] ==> ignore
    arg [--wrap] ==> ignore
    arg [_Znwj] ==> ignore
    arg [--wrap] ==> ignore
    arg [_Znaj] ==> ignore
    arg [--wrap] ==> ignore
    arg [_ZdlPv] ==> ignore
    arg [--wrap] ==> ignore
    arg [_ZdaPv] ==> ignore
    arg [--wrap] ==> ignore
    arg [_ZnwjRKSt9nothrow_t] ==> ignore
    arg [--wrap] ==> ignore
    arg [_ZnajRKSt9nothrow_t] ==> ignore
    arg [--wrap] ==> ignore
    arg [_ZdlPvRKSt9nothrow_t] ==> ignore
    arg [--wrap] ==> ignore
    arg [_ZdaPvRKSt9nothrow_t] ==> ignore
    arg [-Bdynamic] ==> ignore
    arg [--dll-search-prefix=cyg] ==> ignore
    arg [--large-address-aware] ==> ignore
    arg [--tsaware] ==> ignore
    arg [-o] ==> ignore
    arg [cmTryCompileExec284264170.exe] ==> ignore
    arg [/usr/lib/gcc/i686-pc-cygwin/4.8.3/../../../crt0.o] ==> ignore
    arg [/usr/lib/gcc/i686-pc-cygwin/4.8.3/crtbegin.o] ==> ignore
    arg [-L/usr/lib/gcc/i686-pc-cygwin/4.8.3] ==> dir [/usr/lib/gcc/i686-pc-cygwin/4.8.3]
    arg [-L/usr/lib/gcc/i686-pc-cygwin/4.8.3/../../../../i686-pc-cygwin/lib] ==> dir [/usr/lib/gcc/i686-pc-cygwin/4.8.3/../../../../i686-pc-cygwin/lib]
    arg [-L/usr/lib/gcc/i686-pc-cygwin/4.8.3/../../..] ==> dir [/usr/lib/gcc/i686-pc-cygwin/4.8.3/../../..]
    arg [CMakeFiles/cmTryCompileExec284264170.dir/CMakeCCompilerABI.c.o] ==> ignore
    arg [--out-implib] ==> ignore
    arg [libcmTryCompileExec284264170.dll.a] ==> ignore
    arg [--major-image-version] ==> ignore
    arg [0] ==> ignore
    arg [--minor-image-version] ==> ignore
    arg [0] ==> ignore
    arg [-lgcc_s] ==> lib [gcc_s]
    arg [-lgcc] ==> lib [gcc]
    arg [-lcygwin] ==> lib [cygwin]
    arg [-ladvapi32] ==> lib [advapi32]
    arg [-lshell32] ==> lib [shell32]
    arg [-luser32] ==> lib [user32]
    arg [-lkernel32] ==> lib [kernel32]
    arg [-lgcc_s] ==> lib [gcc_s]
    arg [-lgcc] ==> lib [gcc]
    arg [/usr/lib/gcc/i686-pc-cygwin/4.8.3/../../../default-manifest.o] ==> ignore
    arg [/usr/lib/gcc/i686-pc-cygwin/4.8.3/crtend.o] ==> ignore
  remove lib [gcc_s]
  remove lib [gcc]
  remove lib [gcc_s]
  remove lib [gcc]
  collapse dir [/usr/lib/gcc/i686-pc-cygwin/4.8.3] ==> [/usr/lib/gcc/i686-pc-cygwin/4.8.3]
  collapse dir [/usr/lib/gcc/i686-pc-cygwin/4.8.3/../../../../i686-pc-cygwin/lib] ==> [/usr/i686-pc-cygwin/lib]
  collapse dir [/usr/lib/gcc/i686-pc-cygwin/4.8.3/../../..] ==> [/usr/lib]
  implicit libs: [cygwin;advapi32;shell32;user32;kernel32]
  implicit dirs: [/usr/lib/gcc/i686-pc-cygwin/4.8.3;/usr/i686-pc-cygwin/lib;/usr/lib]


Determining if the CXX compiler works passed with the following output:
Change Dir: /home/xusong/project/c25pZmZlcl9saWI-/snifferlib/rtsp-parser/CMakeFiles/CMakeTmp

Run Build Command:/usr/bin/make.exe "cmTryCompileExec2178224272/fast"
/usr/bin/make -f CMakeFiles/cmTryCompileExec2178224272.dir/build.make CMakeFiles/cmTryCompileExec2178224272.dir/build
make[1]: Entering directory '/cygdrive/d/project/c25pZmZlcl9saWI-/snifferlib/rtsp-parser/CMakeFiles/CMakeTmp'
/usr/bin/cmake.exe -E cmake_progress_report /home/xusong/project/c25pZmZlcl9saWI-/snifferlib/rtsp-parser/CMakeFiles/CMakeTmp/CMakeFiles 1
Building CXX object CMakeFiles/cmTryCompileExec2178224272.dir/testCXXCompiler.cxx.o
/usr/bin/c++.exe     -o CMakeFiles/cmTryCompileExec2178224272.dir/testCXXCompiler.cxx.o -c /home/xusong/project/c25pZmZlcl9saWI-/snifferlib/rtsp-parser/CMakeFiles/CMakeTmp/testCXXCompiler.cxx
Linking CXX executable cmTryCompileExec2178224272.exe
/usr/bin/cmake.exe -E cmake_link_script CMakeFiles/cmTryCompileExec2178224272.dir/link.txt --verbose=1
/usr/bin/c++.exe       -Wl,--enable-auto-import  CMakeFiles/cmTryCompileExec2178224272.dir/testCXXCompiler.cxx.o  -o cmTryCompileExec2178224272.exe -Wl,--out-implib,libcmTryCompileExec2178224272.dll.a -Wl,--major-image-version,0,--minor-image-version,0  
make[1]: Leaving directory '/cygdrive/d/project/c25pZmZlcl9saWI-/snifferlib/rtsp-parser/CMakeFiles/CMakeTmp'


Detecting CXX compiler ABI info compiled with the following output:
Change Dir: /home/xusong/project/c25pZmZlcl9saWI-/snifferlib/rtsp-parser/CMakeFiles/CMakeTmp

Run Build Command:/usr/bin/make.exe "cmTryCompileExec3352755947/fast"
/usr/bin/make -f CMakeFiles/cmTryCompileExec3352755947.dir/build.make CMakeFiles/cmTryCompileExec3352755947.dir/build
make[1]: Entering directory '/cygdrive/d/project/c25pZmZlcl9saWI-/snifferlib/rtsp-parser/CMakeFiles/CMakeTmp'
/usr/bin/cmake.exe -E cmake_progress_report /home/xusong/project/c25pZmZlcl9saWI-/snifferlib/rtsp-parser/CMakeFiles/CMakeTmp/CMakeFiles 1
Building CXX object CMakeFiles/cmTryCompileExec3352755947.dir/CMakeCXXCompilerABI.cpp.o
/usr/bin/c++.exe     -o CMakeFiles/cmTryCompileExec3352755947.dir/CMakeCXXCompilerABI.cpp.o -c /usr/share/cmake-2.8.9/Modules/CMakeCXXCompilerABI.cpp
Linking CXX executable cmTryCompileExec3352755947.exe
/usr/bin/cmake.exe -E cmake_link_script CMakeFiles/cmTryCompileExec3352755947.dir/link.txt --verbose=1
/usr/bin/c++.exe       -v CMakeFiles/cmTryCompileExec3352755947.dir/CMakeCXXCompilerABI.cpp.o  -o cmTryCompileExec3352755947.exe -Wl,--out-implib,libcmTryCompileExec3352755947.dll.a -Wl,--major-image-version,0,--minor-image-version,0   
使用内建 specs。
COLLECT_GCC=/usr/bin/c++
COLLECT_LTO_WRAPPER=/usr/lib/gcc/i686-pc-cygwin/4.8.3/lto-wrapper.exe
目标：i686-pc-cygwin
配置为：/cygdrive/i/szsz/tmpp/gcc/gcc-4.8.3-3.i686/src/gcc-4.8.3/configure --srcdir=/cygdrive/i/szsz/tmpp/gcc/gcc-4.8.3-3.i686/src/gcc-4.8.3 --prefix=/usr --exec-prefix=/usr --bindir=/usr/bin --sbindir=/usr/sbin --libexecdir=/usr/libexec --datadir=/usr/share --localstatedir=/var --sysconfdir=/etc --libdir=/usr/lib --datarootdir=/usr/share --docdir=/usr/share/doc/gcc --htmldir=/usr/share/doc/gcc/html -C --build=i686-pc-cygwin --host=i686-pc-cygwin --target=i686-pc-cygwin --without-libiconv-prefix --without-libintl-prefix --libexecdir=/usr/lib --enable-shared --enable-shared-libgcc --enable-static --enable-version-specific-runtime-libs --enable-bootstrap --enable-__cxa_atexit --with-dwarf2 --with-arch=i686 --with-tune=generic --disable-sjlj-exceptions --enable-languages=ada,c,c++,fortran,java,lto,objc,obj-c++ --enable-graphite --enable-threads=posix --enable-libatomic --enable-libgomp --disable-libitm --enable-libquadmath --enable-libquadmath-support --enable-libssp --enable-libada --enable-libjava --enable-libgcj-sublibs --disable-java-awt --disable-symvers --with-ecj-jar=/usr/share/java/ecj.jar --with-gnu-ld --with-gnu-as --with-cloog-include=/usr/include/cloog-isl --without-libiconv-prefix --without-libintl-prefix --with-system-zlib --enable-linker-build-id
线程模型：posix
gcc 版本 4.8.3 (GCC) 
COMPILER_PATH=/usr/lib/gcc/i686-pc-cygwin/4.8.3/:/usr/lib/gcc/i686-pc-cygwin/4.8.3/:/usr/lib/gcc/i686-pc-cygwin/:/usr/lib/gcc/i686-pc-cygwin/4.8.3/:/usr/lib/gcc/i686-pc-cygwin/:/usr/lib/gcc/i686-pc-cygwin/4.8.3/../../../../i686-pc-cygwin/bin/
LIBRARY_PATH=/usr/lib/gcc/i686-pc-cygwin/4.8.3/:/usr/lib/gcc/i686-pc-cygwin/4.8.3/../../../../i686-pc-cygwin/lib/:/usr/lib/gcc/i686-pc-cygwin/4.8.3/../../../:/lib/:/usr/lib/
COLLECT_GCC_OPTIONS='-v' '-o' 'cmTryCompileExec3352755947.exe' '-shared-libgcc' '-mtune=generic' '-march=i686'
 /usr/lib/gcc/i686-pc-cygwin/4.8.3/collect2.exe --build-id --wrap _Znwj --wrap _Znaj --wrap _ZdlPv --wrap _ZdaPv --wrap _ZnwjRKSt9nothrow_t --wrap _ZnajRKSt9nothrow_t --wrap _ZdlPvRKSt9nothrow_t --wrap _ZdaPvRKSt9nothrow_t -Bdynamic --dll-search-prefix=cyg --large-address-aware --tsaware -o cmTryCompileExec3352755947.exe /usr/lib/gcc/i686-pc-cygwin/4.8.3/../../../crt0.o /usr/lib/gcc/i686-pc-cygwin/4.8.3/crtbegin.o -L/usr/lib/gcc/i686-pc-cygwin/4.8.3 -L/usr/lib/gcc/i686-pc-cygwin/4.8.3/../../../../i686-pc-cygwin/lib -L/usr/lib/gcc/i686-pc-cygwin/4.8.3/../../.. CMakeFiles/cmTryCompileExec3352755947.dir/CMakeCXXCompilerABI.cpp.o --out-implib libcmTryCompileExec3352755947.dll.a --major-image-version 0 --minor-image-version 0 -lstdc++ -lgcc_s -lgcc -lcygwin -ladvapi32 -lshell32 -luser32 -lkernel32 -lgcc_s -lgcc /usr/lib/gcc/i686-pc-cygwin/4.8.3/../../../default-manifest.o /usr/lib/gcc/i686-pc-cygwin/4.8.3/crtend.o
make[1]: Leaving directory '/cygdrive/d/project/c25pZmZlcl9saWI-/snifferlib/rtsp-parser/CMakeFiles/CMakeTmp'


Parsed CXX implicit link information from above output:
  link line regex: [^( *|.*[/\])(ld.exe|ld|collect2)[^/\]*( |$)]
  ignore line: [Change Dir: /home/xusong/project/c25pZmZlcl9saWI-/snifferlib/rtsp-parser/CMakeFiles/CMakeTmp]
  ignore line: []
  ignore line: [Run Build Command:/usr/bin/make.exe "cmTryCompileExec3352755947/fast"]
  ignore line: [/usr/bin/make -f CMakeFiles/cmTryCompileExec3352755947.dir/build.make CMakeFiles/cmTryCompileExec3352755947.dir/build]
  ignore line: [make[1]: Entering directory '/cygdrive/d/project/c25pZmZlcl9saWI-/snifferlib/rtsp-parser/CMakeFiles/CMakeTmp']
  ignore line: [/usr/bin/cmake.exe -E cmake_progress_report /home/xusong/project/c25pZmZlcl9saWI-/snifferlib/rtsp-parser/CMakeFiles/CMakeTmp/CMakeFiles 1]
  ignore line: [Building CXX object CMakeFiles/cmTryCompileExec3352755947.dir/CMakeCXXCompilerABI.cpp.o]
  ignore line: [/usr/bin/c++.exe     -o CMakeFiles/cmTryCompileExec3352755947.dir/CMakeCXXCompilerABI.cpp.o -c /usr/share/cmake-2.8.9/Modules/CMakeCXXCompilerABI.cpp]
  ignore line: [Linking CXX executable cmTryCompileExec3352755947.exe]
  ignore line: [/usr/bin/cmake.exe -E cmake_link_script CMakeFiles/cmTryCompileExec3352755947.dir/link.txt --verbose=1]
  ignore line: [/usr/bin/c++.exe       -v CMakeFiles/cmTryCompileExec3352755947.dir/CMakeCXXCompilerABI.cpp.o  -o cmTryCompileExec3352755947.exe -Wl,--out-implib,libcmTryCompileExec3352755947.dll.a -Wl,--major-image-version,0,--minor-image-version,0   ]
  ignore line: [使用内建 specs。]
  ignore line: [COLLECT_GCC=/usr/bin/c++]
  ignore line: [COLLECT_LTO_WRAPPER=/usr/lib/gcc/i686-pc-cygwin/4.8.3/lto-wrapper.exe]
  ignore line: [目标：i686-pc-cygwin]
  ignore line: [配置为：/cygdrive/i/szsz/tmpp/gcc/gcc-4.8.3-3.i686/src/gcc-4.8.3/configure --srcdir=/cygdrive/i/szsz/tmpp/gcc/gcc-4.8.3-3.i686/src/gcc-4.8.3 --prefix=/usr --exec-prefix=/usr --bindir=/usr/bin --sbindir=/usr/sbin --libexecdir=/usr/libexec --datadir=/usr/share --localstatedir=/var --sysconfdir=/etc --libdir=/usr/lib --datarootdir=/usr/share --docdir=/usr/share/doc/gcc --htmldir=/usr/share/doc/gcc/html -C --build=i686-pc-cygwin --host=i686-pc-cygwin --target=i686-pc-cygwin --without-libiconv-prefix --without-libintl-prefix --libexecdir=/usr/lib --enable-shared --enable-shared-libgcc --enable-static --enable-version-specific-runtime-libs --enable-bootstrap --enable-__cxa_atexit --with-dwarf2 --with-arch=i686 --with-tune=generic --disable-sjlj-exceptions --enable-languages=ada,c,c++,fortran,java,lto,objc,obj-c++ --enable-graphite --enable-threads=posix --enable-libatomic --enable-libgomp --disable-libitm --enable-libquadmath --enable-libquadmath-support --enable-libssp --enable-libada --enable-libjava --enable-libgcj-sublibs --disable-java-awt --disable-symvers --with-ecj-jar=/usr/share/java/ecj.jar --with-gnu-ld --with-gnu-as --with-cloog-include=/usr/include/cloog-isl --without-libiconv-prefix --without-libintl-prefix --with-system-zlib --enable-linker-build-id]
  ignore line: [线程模型：posix]
  ignore line: [gcc 版本 4.8.3 (GCC) ]
  ignore line: [COMPILER_PATH=/usr/lib/gcc/i686-pc-cygwin/4.8.3/:/usr/lib/gcc/i686-pc-cygwin/4.8.3/:/usr/lib/gcc/i686-pc-cygwin/:/usr/lib/gcc/i686-pc-cygwin/4.8.3/:/usr/lib/gcc/i686-pc-cygwin/:/usr/lib/gcc/i686-pc-cygwin/4.8.3/../../../../i686-pc-cygwin/bin/]
  ignore line: [LIBRARY_PATH=/usr/lib/gcc/i686-pc-cygwin/4.8.3/:/usr/lib/gcc/i686-pc-cygwin/4.8.3/../../../../i686-pc-cygwin/lib/:/usr/lib/gcc/i686-pc-cygwin/4.8.3/../../../:/lib/:/usr/lib/]
  ignore line: [COLLECT_GCC_OPTIONS='-v' '-o' 'cmTryCompileExec3352755947.exe' '-shared-libgcc' '-mtune=generic' '-march=i686']
  link line: [ /usr/lib/gcc/i686-pc-cygwin/4.8.3/collect2.exe --build-id --wrap _Znwj --wrap _Znaj --wrap _ZdlPv --wrap _ZdaPv --wrap _ZnwjRKSt9nothrow_t --wrap _ZnajRKSt9nothrow_t --wrap _ZdlPvRKSt9nothrow_t --wrap _ZdaPvRKSt9nothrow_t -Bdynamic --dll-search-prefix=cyg --large-address-aware --tsaware -o cmTryCompileExec3352755947.exe /usr/lib/gcc/i686-pc-cygwin/4.8.3/../../../crt0.o /usr/lib/gcc/i686-pc-cygwin/4.8.3/crtbegin.o -L/usr/lib/gcc/i686-pc-cygwin/4.8.3 -L/usr/lib/gcc/i686-pc-cygwin/4.8.3/../../../../i686-pc-cygwin/lib -L/usr/lib/gcc/i686-pc-cygwin/4.8.3/../../.. CMakeFiles/cmTryCompileExec3352755947.dir/CMakeCXXCompilerABI.cpp.o --out-implib libcmTryCompileExec3352755947.dll.a --major-image-version 0 --minor-image-version 0 -lstdc++ -lgcc_s -lgcc -lcygwin -ladvapi32 -lshell32 -luser32 -lkernel32 -lgcc_s -lgcc /usr/lib/gcc/i686-pc-cygwin/4.8.3/../../../default-manifest.o /usr/lib/gcc/i686-pc-cygwin/4.8.3/crtend.o]
    arg [/usr/lib/gcc/i686-pc-cygwin/4.8.3/collect2.exe] ==> ignore
    arg [--build-id] ==> ignore
    arg [--wrap] ==> ignore
    arg [_Znwj] ==> ignore
    arg [--wrap] ==> ignore
    arg [_Znaj] ==> ignore
    arg [--wrap] ==> ignore
    arg [_ZdlPv] ==> ignore
    arg [--wrap] ==> ignore
    arg [_ZdaPv] ==> ignore
    arg [--wrap] ==> ignore
    arg [_ZnwjRKSt9nothrow_t] ==> ignore
    arg [--wrap] ==> ignore
    arg [_ZnajRKSt9nothrow_t] ==> ignore
    arg [--wrap] ==> ignore
    arg [_ZdlPvRKSt9nothrow_t] ==> ignore
    arg [--wrap] ==> ignore
    arg [_ZdaPvRKSt9nothrow_t] ==> ignore
    arg [-Bdynamic] ==> ignore
    arg [--dll-search-prefix=cyg] ==> ignore
    arg [--large-address-aware] ==> ignore
    arg [--tsaware] ==> ignore
    arg [-o] ==> ignore
    arg [cmTryCompileExec3352755947.exe] ==> ignore
    arg [/usr/lib/gcc/i686-pc-cygwin/4.8.3/../../../crt0.o] ==> ignore
    arg [/usr/lib/gcc/i686-pc-cygwin/4.8.3/crtbegin.o] ==> ignore
    arg [-L/usr/lib/gcc/i686-pc-cygwin/4.8.3] ==> dir [/usr/lib/gcc/i686-pc-cygwin/4.8.3]
    arg [-L/usr/lib/gcc/i686-pc-cygwin/4.8.3/../../../../i686-pc-cygwin/lib] ==> dir [/usr/lib/gcc/i686-pc-cygwin/4.8.3/../../../../i686-pc-cygwin/lib]
    arg [-L/usr/lib/gcc/i686-pc-cygwin/4.8.3/../../..] ==> dir [/usr/lib/gcc/i686-pc-cygwin/4.8.3/../../..]
    arg [CMakeFiles/cmTryCompileExec3352755947.dir/CMakeCXXCompilerABI.cpp.o] ==> ignore
    arg [--out-implib] ==> ignore
    arg [libcmTryCompileExec3352755947.dll.a] ==> ignore
    arg [--major-image-version] ==> ignore
    arg [0] ==> ignore
    arg [--minor-image-version] ==> ignore
    arg [0] ==> ignore
    arg [-lstdc++] ==> lib [stdc++]
    arg [-lgcc_s] ==> lib [gcc_s]
    arg [-lgcc] ==> lib [gcc]
    arg [-lcygwin] ==> lib [cygwin]
    arg [-ladvapi32] ==> lib [advapi32]
    arg [-lshell32] ==> lib [shell32]
    arg [-luser32] ==> lib [user32]
    arg [-lkernel32] ==> lib [kernel32]
    arg [-lgcc_s] ==> lib [gcc_s]
    arg [-lgcc] ==> lib [gcc]
    arg [/usr/lib/gcc/i686-pc-cygwin/4.8.3/../../../default-manifest.o] ==> ignore
    arg [/usr/lib/gcc/i686-pc-cygwin/4.8.3/crtend.o] ==> ignore
  remove lib [gcc_s]
  remove lib [gcc]
  remove lib [gcc_s]
  remove lib [gcc]
  collapse dir [/usr/lib/gcc/i686-pc-cygwin/4.8.3] ==> [/usr/lib/gcc/i686-pc-cygwin/4.8.3]
  collapse dir [/usr/lib/gcc/i686-pc-cygwin/4.8.3/../../../../i686-pc-cygwin/lib] ==> [/usr/i686-pc-cygwin/lib]
  collapse dir [/usr/lib/gcc/i686-pc-cygwin/4.8.3/../../..] ==> [/usr/lib]
  implicit libs: [stdc++;cygwin;advapi32;shell32;user32;kernel32]
  implicit dirs: [/usr/lib/gcc/i686-pc-cygwin/4.8.3;/usr/i686-pc-cygwin/lib;/usr/lib]


